<?xml version="1.0" encoding="UTF-8"?>
<!-- Generated by org.testng.reporters.JUnitReportReporter -->
<testsuite hostname="6DR89R2" name="CRM_PagesTest.CRMHomePageTest" tests="1" failures="0" timestamp="26 Dec 2018 13:18:57 GMT" time="31.296" errors="0">
  <testcase name="ContactsPagenavigationtest" time="31.296" classname="CRM_PagesTest.CRMHomePageTest"/>
</testsuite> <!-- CRM_PagesTest.CRMHomePageTest -->
